app/build/intermediates/manifest_merge_blame_file/debug/manifest-merger-blame-debug-report.txt
1<?xml version="1.0" encoding="utf-8"?>
2<manifest xmlns:android="http://schemas.android.com/apk/res/android"
3    package="com.fridge.app"
4    android:versionCode="1"
5    android:versionName="1.0" >
6
7    <uses-sdk
8        android:minSdkVersion="24"
9        android:targetSdkVersion="33" />
10
11    <!-- 网络权限 -->
12    <uses-permission android:name="android.permission.INTERNET" />
12-->src\main\AndroidManifest.xml:7:5-67
12-->src\main\AndroidManifest.xml:7:22-64
13    <uses-permission android:name="android.permission.ACCESS_NETWORK_STATE" />
13-->src\main\AndroidManifest.xml:8:5-79
13-->src\main\AndroidManifest.xml:8:22-76
14
15    <!-- 相机权限 -->
16    <uses-permission android:name="android.permission.CAMERA" />
16-->src\main\AndroidManifest.xml:11:5-65
16-->src\main\AndroidManifest.xml:11:22-62
17
18    <uses-feature
18-->src\main\AndroidManifest.xml:12:5-14:36
19        android:name="android.hardware.camera"
19-->src\main\AndroidManifest.xml:13:9-47
20        android:required="false" />
20-->src\main\AndroidManifest.xml:14:9-33
21
22    <!-- 存储权限 -->
23    <uses-permission
23-->src\main\AndroidManifest.xml:17:5-18:38
24        android:name="android.permission.READ_EXTERNAL_STORAGE"
24-->src\main\AndroidManifest.xml:17:22-77
25        android:maxSdkVersion="32" />
25-->src\main\AndroidManifest.xml:18:9-35
26    <uses-permission
26-->src\main\AndroidManifest.xml:19:5-20:36
27        android:name="android.permission.READ_MEDIA_IMAGES"
27-->src\main\AndroidManifest.xml:19:22-73
28        android:required="false" />
28-->src\main\AndroidManifest.xml:20:9-33
29
30    <!-- 通知权限 (Android 13+) -->
31    <uses-permission android:name="android.permission.POST_NOTIFICATIONS" />
31-->src\main\AndroidManifest.xml:23:5-77
31-->src\main\AndroidManifest.xml:23:22-74
32
33    <!-- 后台任务权限 -->
34    <uses-permission android:name="android.permission.RECEIVE_BOOT_COMPLETED" />
34-->src\main\AndroidManifest.xml:26:5-81
34-->src\main\AndroidManifest.xml:26:22-78
35    <uses-permission android:name="android.permission.FOREGROUND_SERVICE" />
35-->src\main\AndroidManifest.xml:27:5-77
35-->src\main\AndroidManifest.xml:27:22-74
36    <uses-permission
36-->src\main\AndroidManifest.xml:28:5-29:38
37        android:name="android.permission.SCHEDULE_EXACT_ALARM"
37-->src\main\AndroidManifest.xml:28:22-76
38        android:maxSdkVersion="32" />
38-->src\main\AndroidManifest.xml:29:9-35
39    <uses-permission android:name="android.permission.USE_EXACT_ALARM" />
39-->src\main\AndroidManifest.xml:30:5-74
39-->src\main\AndroidManifest.xml:30:22-71
40    <uses-permission android:name="android.permission.WAKE_LOCK" />
40-->[androidx.work:work-runtime:2.8.1] AndroidManifest.xml:23:5-68
40-->[androidx.work:work-runtime:2.8.1] AndroidManifest.xml:23:22-65
41
42    <permission
42-->[androidx.core:core:1.10.1] AndroidManifest.xml:22:5-24:47
43        android:name="com.fridge.app.DYNAMIC_RECEIVER_NOT_EXPORTED_PERMISSION"
43-->[androidx.core:core:1.10.1] AndroidManifest.xml:23:9-81
44        android:protectionLevel="signature" />
44-->[androidx.core:core:1.10.1] AndroidManifest.xml:24:9-44
45
46    <uses-permission android:name="com.fridge.app.DYNAMIC_RECEIVER_NOT_EXPORTED_PERMISSION" />
46-->[androidx.core:core:1.10.1] AndroidManifest.xml:26:5-97
46-->[androidx.core:core:1.10.1] AndroidManifest.xml:26:22-94
47
48    <application
48-->src\main\AndroidManifest.xml:32:5-105:19
49        android:name="com.fridge.app.FridgeApplication"
49-->src\main\AndroidManifest.xml:33:9-42
50        android:allowBackup="true"
50-->src\main\AndroidManifest.xml:34:9-35
51        android:appComponentFactory="androidx.core.app.CoreComponentFactory"
51-->[androidx.core:core:1.10.1] AndroidManifest.xml:28:18-86
52        android:dataExtractionRules="@xml/data_extraction_rules"
52-->src\main\AndroidManifest.xml:35:9-65
53        android:debuggable="true"
54        android:extractNativeLibs="false"
55        android:fullBackupContent="@xml/backup_rules"
55-->src\main\AndroidManifest.xml:36:9-54
56        android:icon="@mipmap/ic_launcher"
56-->src\main\AndroidManifest.xml:37:9-43
57        android:label="@string/app_name"
57-->src\main\AndroidManifest.xml:38:9-41
58        android:roundIcon="@mipmap/ic_launcher_round"
58-->src\main\AndroidManifest.xml:39:9-54
59        android:supportsRtl="true"
59-->src\main\AndroidManifest.xml:40:9-35
60        android:testOnly="true"
61        android:theme="@style/Theme.FridgeManager" >
61-->src\main\AndroidManifest.xml:41:9-51
62
63        <!-- 主Activity -->
64        <activity
64-->src\main\AndroidManifest.xml:45:9-53:20
65            android:name="com.fridge.app.MainActivity"
65-->src\main\AndroidManifest.xml:46:13-41
66            android:exported="true"
66-->src\main\AndroidManifest.xml:47:13-36
67            android:theme="@style/Theme.FridgeManager" >
67-->src\main\AndroidManifest.xml:48:13-55
68            <intent-filter>
68-->src\main\AndroidManifest.xml:49:13-52:29
69                <action android:name="android.intent.action.MAIN" />
69-->src\main\AndroidManifest.xml:50:17-69
69-->src\main\AndroidManifest.xml:50:25-66
70
71                <category android:name="android.intent.category.LAUNCHER" />
71-->src\main\AndroidManifest.xml:51:17-77
71-->src\main\AndroidManifest.xml:51:27-74
72            </intent-filter>
73        </activity>
74
75        <!-- 食材详情页 -->
76        <activity
76-->src\main\AndroidManifest.xml:56:9-65:20
77            android:name="com.fridge.app.ui.activity.IngredientDetailActivity"
77-->src\main\AndroidManifest.xml:57:13-65
78            android:exported="false"
78-->src\main\AndroidManifest.xml:58:13-37
79            android:label="@string/ingredient_detail"
79-->src\main\AndroidManifest.xml:59:13-54
80            android:parentActivityName="com.fridge.app.MainActivity"
80-->src\main\AndroidManifest.xml:60:13-55
81            android:theme="@style/Theme.FridgeManager" >
81-->src\main\AndroidManifest.xml:61:13-55
82            <meta-data
82-->src\main\AndroidManifest.xml:62:13-64:49
83                android:name="android.support.PARENT_ACTIVITY"
83-->src\main\AndroidManifest.xml:63:17-63
84                android:value=".MainActivity" />
84-->src\main\AndroidManifest.xml:64:17-46
85        </activity>
86
87        <!-- 菜谱详情页 -->
88        <activity
88-->src\main\AndroidManifest.xml:68:9-77:20
89            android:name="com.fridge.app.ui.activity.RecipeDetailActivity"
89-->src\main\AndroidManifest.xml:69:13-61
90            android:exported="false"
90-->src\main\AndroidManifest.xml:70:13-37
91            android:label="@string/recipe_detail"
91-->src\main\AndroidManifest.xml:71:13-50
92            android:parentActivityName="com.fridge.app.MainActivity"
92-->src\main\AndroidManifest.xml:72:13-55
93            android:theme="@style/Theme.FridgeManager" >
93-->src\main\AndroidManifest.xml:73:13-55
94            <meta-data
94-->src\main\AndroidManifest.xml:62:13-64:49
95                android:name="android.support.PARENT_ACTIVITY"
95-->src\main\AndroidManifest.xml:63:17-63
96                android:value=".MainActivity" />
96-->src\main\AndroidManifest.xml:64:17-46
97        </activity>
98
99        <!-- 图片预览页 -->
100        <activity
100-->src\main\AndroidManifest.xml:80:9-83:69
101            android:name="com.fridge.app.ui.activity.ImagePreviewActivity"
101-->src\main\AndroidManifest.xml:81:13-61
102            android:exported="false"
102-->src\main\AndroidManifest.xml:82:13-37
103            android:theme="@style/Theme.FridgeManager.Fullscreen" />
103-->src\main\AndroidManifest.xml:83:13-66
104
105        <!-- 文件Provider (用于相机拍照) -->
106        <provider
107            android:name="androidx.core.content.FileProvider"
107-->src\main\AndroidManifest.xml:87:13-62
108            android:authorities="com.fridge.app.fileprovider"
108-->src\main\AndroidManifest.xml:88:13-64
109            android:exported="false"
109-->src\main\AndroidManifest.xml:89:13-37
110            android:grantUriPermissions="true" >
110-->src\main\AndroidManifest.xml:90:13-47
111            <meta-data
111-->src\main\AndroidManifest.xml:91:13-93:54
112                android:name="android.support.FILE_PROVIDER_PATHS"
112-->src\main\AndroidManifest.xml:92:17-67
113                android:resource="@xml/file_paths" />
113-->src\main\AndroidManifest.xml:93:17-51
114        </provider>
115
116        <!-- 启动接收器 (用于重新调度通知) -->
117        <receiver
117-->src\main\AndroidManifest.xml:97:9-103:20
118            android:name="com.fridge.app.worker.BootCompletedReceiver"
118-->src\main\AndroidManifest.xml:98:13-57
119            android:exported="true" >
119-->src\main\AndroidManifest.xml:99:13-36
120            <intent-filter>
120-->src\main\AndroidManifest.xml:100:13-102:29
121                <action android:name="android.intent.action.BOOT_COMPLETED" />
121-->src\main\AndroidManifest.xml:101:17-79
121-->src\main\AndroidManifest.xml:101:25-76
122            </intent-filter>
123        </receiver>
124
125        <provider
125-->[androidx.emoji2:emoji2:1.2.0] AndroidManifest.xml:24:9-32:20
126            android:name="androidx.startup.InitializationProvider"
126-->[androidx.emoji2:emoji2:1.2.0] AndroidManifest.xml:25:13-67
127            android:authorities="com.fridge.app.androidx-startup"
127-->[androidx.emoji2:emoji2:1.2.0] AndroidManifest.xml:26:13-68
128            android:exported="false" >
128-->[androidx.emoji2:emoji2:1.2.0] AndroidManifest.xml:27:13-37
129            <meta-data
129-->[androidx.emoji2:emoji2:1.2.0] AndroidManifest.xml:29:13-31:52
130                android:name="androidx.emoji2.text.EmojiCompatInitializer"
130-->[androidx.emoji2:emoji2:1.2.0] AndroidManifest.xml:30:17-75
131                android:value="androidx.startup" />
131-->[androidx.emoji2:emoji2:1.2.0] AndroidManifest.xml:31:17-49
132            <meta-data
132-->[androidx.work:work-runtime:2.8.1] AndroidManifest.xml:34:13-36:52
133                android:name="androidx.work.WorkManagerInitializer"
133-->[androidx.work:work-runtime:2.8.1] AndroidManifest.xml:35:17-68
134                android:value="androidx.startup" />
134-->[androidx.work:work-runtime:2.8.1] AndroidManifest.xml:36:17-49
135            <meta-data
135-->[androidx.lifecycle:lifecycle-process:2.6.2] AndroidManifest.xml:29:13-31:52
136                android:name="androidx.lifecycle.ProcessLifecycleInitializer"
136-->[androidx.lifecycle:lifecycle-process:2.6.2] AndroidManifest.xml:30:17-78
137                android:value="androidx.startup" />
137-->[androidx.lifecycle:lifecycle-process:2.6.2] AndroidManifest.xml:31:17-49
138            <meta-data
138-->[androidx.profileinstaller:profileinstaller:1.3.0] AndroidManifest.xml:29:13-31:52
139                android:name="androidx.profileinstaller.ProfileInstallerInitializer"
139-->[androidx.profileinstaller:profileinstaller:1.3.0] AndroidManifest.xml:30:17-85
140                android:value="androidx.startup" />
140-->[androidx.profileinstaller:profileinstaller:1.3.0] AndroidManifest.xml:31:17-49
141        </provider>
142
143        <service
143-->[androidx.work:work-runtime:2.8.1] AndroidManifest.xml:39:9-45:35
144            android:name="androidx.work.impl.background.systemalarm.SystemAlarmService"
144-->[androidx.work:work-runtime:2.8.1] AndroidManifest.xml:40:13-88
145            android:directBootAware="false"
145-->[androidx.work:work-runtime:2.8.1] AndroidManifest.xml:41:13-44
146            android:enabled="@bool/enable_system_alarm_service_default"
146-->[androidx.work:work-runtime:2.8.1] AndroidManifest.xml:42:13-72
147            android:exported="false" />
147-->[androidx.work:work-runtime:2.8.1] AndroidManifest.xml:43:13-37
148        <service
148-->[androidx.work:work-runtime:2.8.1] AndroidManifest.xml:46:9-52:35
149            android:name="androidx.work.impl.background.systemjob.SystemJobService"
149-->[androidx.work:work-runtime:2.8.1] AndroidManifest.xml:47:13-84
150            android:directBootAware="false"
150-->[androidx.work:work-runtime:2.8.1] AndroidManifest.xml:48:13-44
151            android:enabled="@bool/enable_system_job_service_default"
151-->[androidx.work:work-runtime:2.8.1] AndroidManifest.xml:49:13-70
152            android:exported="true"
152-->[androidx.work:work-runtime:2.8.1] AndroidManifest.xml:50:13-36
153            android:permission="android.permission.BIND_JOB_SERVICE" />
153-->[androidx.work:work-runtime:2.8.1] AndroidManifest.xml:51:13-69
154        <service
154-->[androidx.work:work-runtime:2.8.1] AndroidManifest.xml:53:9-59:35
155            android:name="androidx.work.impl.foreground.SystemForegroundService"
155-->[androidx.work:work-runtime:2.8.1] AndroidManifest.xml:54:13-81
156            android:directBootAware="false"
156-->[androidx.work:work-runtime:2.8.1] AndroidManifest.xml:55:13-44
157            android:enabled="@bool/enable_system_foreground_service_default"
157-->[androidx.work:work-runtime:2.8.1] AndroidManifest.xml:56:13-77
158            android:exported="false" />
158-->[androidx.work:work-runtime:2.8.1] AndroidManifest.xml:57:13-37
159
160        <receiver
160-->[androidx.work:work-runtime:2.8.1] AndroidManifest.xml:61:9-66:35
161            android:name="androidx.work.impl.utils.ForceStopRunnable$BroadcastReceiver"
161-->[androidx.work:work-runtime:2.8.1] AndroidManifest.xml:62:13-88
162            android:directBootAware="false"
162-->[androidx.work:work-runtime:2.8.1] AndroidManifest.xml:63:13-44
163            android:enabled="true"
163-->[androidx.work:work-runtime:2.8.1] AndroidManifest.xml:64:13-35
164            android:exported="false" />
164-->[androidx.work:work-runtime:2.8.1] AndroidManifest.xml:65:13-37
165        <receiver
165-->[androidx.work:work-runtime:2.8.1] AndroidManifest.xml:67:9-77:20
166            android:name="androidx.work.impl.background.systemalarm.ConstraintProxy$BatteryChargingProxy"
166-->[androidx.work:work-runtime:2.8.1] AndroidManifest.xml:68:13-106
167            android:directBootAware="false"
167-->[androidx.work:work-runtime:2.8.1] AndroidManifest.xml:69:13-44
168            android:enabled="false"
168-->[androidx.work:work-runtime:2.8.1] AndroidManifest.xml:70:13-36
169            android:exported="false" >
169-->[androidx.work:work-runtime:2.8.1] AndroidManifest.xml:71:13-37
170            <intent-filter>
170-->[androidx.work:work-runtime:2.8.1] AndroidManifest.xml:73:13-76:29
171                <action android:name="android.intent.action.ACTION_POWER_CONNECTED" />
171-->[androidx.work:work-runtime:2.8.1] AndroidManifest.xml:74:17-87
171-->[androidx.work:work-runtime:2.8.1] AndroidManifest.xml:74:25-84
172                <action android:name="android.intent.action.ACTION_POWER_DISCONNECTED" />
172-->[androidx.work:work-runtime:2.8.1] AndroidManifest.xml:75:17-90
172-->[androidx.work:work-runtime:2.8.1] AndroidManifest.xml:75:25-87
173            </intent-filter>
174        </receiver>
175        <receiver
175-->[androidx.work:work-runtime:2.8.1] AndroidManifest.xml:78:9-88:20
176            android:name="androidx.work.impl.background.systemalarm.ConstraintProxy$BatteryNotLowProxy"
176-->[androidx.work:work-runtime:2.8.1] AndroidManifest.xml:79:13-104
177            android:directBootAware="false"
177-->[androidx.work:work-runtime:2.8.1] AndroidManifest.xml:80:13-44
178            android:enabled="false"
178-->[androidx.work:work-runtime:2.8.1] AndroidManifest.xml:81:13-36
179            android:exported="false" >
179-->[androidx.work:work-runtime:2.8.1] AndroidManifest.xml:82:13-37
180            <intent-filter>
180-->[androidx.work:work-runtime:2.8.1] AndroidManifest.xml:84:13-87:29
181                <action android:name="android.intent.action.BATTERY_OKAY" />
181-->[androidx.work:work-runtime:2.8.1] AndroidManifest.xml:85:17-77
181-->[androidx.work:work-runtime:2.8.1] AndroidManifest.xml:85:25-74
182                <action android:name="android.intent.action.BATTERY_LOW" />
182-->[androidx.work:work-runtime:2.8.1] AndroidManifest.xml:86:17-76
182-->[androidx.work:work-runtime:2.8.1] AndroidManifest.xml:86:25-73
183            </intent-filter>
184        </receiver>
185        <receiver
185-->[androidx.work:work-runtime:2.8.1] AndroidManifest.xml:89:9-99:20
186            android:name="androidx.work.impl.background.systemalarm.ConstraintProxy$StorageNotLowProxy"
186-->[androidx.work:work-runtime:2.8.1] AndroidManifest.xml:90:13-104
187            android:directBootAware="false"
187-->[androidx.work:work-runtime:2.8.1] AndroidManifest.xml:91:13-44
188            android:enabled="false"
188-->[androidx.work:work-runtime:2.8.1] AndroidManifest.xml:92:13-36
189            android:exported="false" >
189-->[androidx.work:work-runtime:2.8.1] AndroidManifest.xml:93:13-37
190            <intent-filter>
190-->[androidx.work:work-runtime:2.8.1] AndroidManifest.xml:95:13-98:29
191                <action android:name="android.intent.action.DEVICE_STORAGE_LOW" />
191-->[androidx.work:work-runtime:2.8.1] AndroidManifest.xml:96:17-83
191-->[androidx.work:work-runtime:2.8.1] AndroidManifest.xml:96:25-80
192                <action android:name="android.intent.action.DEVICE_STORAGE_OK" />
192-->[androidx.work:work-runtime:2.8.1] AndroidManifest.xml:97:17-82
192-->[androidx.work:work-runtime:2.8.1] AndroidManifest.xml:97:25-79
193            </intent-filter>
194        </receiver>
195        <receiver
195-->[androidx.work:work-runtime:2.8.1] AndroidManifest.xml:100:9-109:20
196            android:name="androidx.work.impl.background.systemalarm.ConstraintProxy$NetworkStateProxy"
196-->[androidx.work:work-runtime:2.8.1] AndroidManifest.xml:101:13-103
197            android:directBootAware="false"
197-->[androidx.work:work-runtime:2.8.1] AndroidManifest.xml:102:13-44
198            android:enabled="false"
198-->[androidx.work:work-runtime:2.8.1] AndroidManifest.xml:103:13-36
199            android:exported="false" >
199-->[androidx.work:work-runtime:2.8.1] AndroidManifest.xml:104:13-37
200            <intent-filter>
200-->[androidx.work:work-runtime:2.8.1] AndroidManifest.xml:106:13-108:29
201                <action android:name="android.net.conn.CONNECTIVITY_CHANGE" />
201-->[androidx.work:work-runtime:2.8.1] AndroidManifest.xml:107:17-79
201-->[androidx.work:work-runtime:2.8.1] AndroidManifest.xml:107:25-76
202            </intent-filter>
203        </receiver>
204        <receiver
204-->[androidx.work:work-runtime:2.8.1] AndroidManifest.xml:110:9-121:20
205            android:name="androidx.work.impl.background.systemalarm.RescheduleReceiver"
205-->[androidx.work:work-runtime:2.8.1] AndroidManifest.xml:111:13-88
206            android:directBootAware="false"
206-->[androidx.work:work-runtime:2.8.1] AndroidManifest.xml:112:13-44
207            android:enabled="false"
207-->[androidx.work:work-runtime:2.8.1] AndroidManifest.xml:113:13-36
208            android:exported="false" >
208-->[androidx.work:work-runtime:2.8.1] AndroidManifest.xml:114:13-37
209            <intent-filter>
209-->[androidx.work:work-runtime:2.8.1] AndroidManifest.xml:116:13-120:29
210                <action android:name="android.intent.action.BOOT_COMPLETED" />
210-->src\main\AndroidManifest.xml:101:17-79
210-->src\main\AndroidManifest.xml:101:25-76
211                <action android:name="android.intent.action.TIME_SET" />
211-->[androidx.work:work-runtime:2.8.1] AndroidManifest.xml:118:17-73
211-->[androidx.work:work-runtime:2.8.1] AndroidManifest.xml:118:25-70
212                <action android:name="android.intent.action.TIMEZONE_CHANGED" />
212-->[androidx.work:work-runtime:2.8.1] AndroidManifest.xml:119:17-81
212-->[androidx.work:work-runtime:2.8.1] AndroidManifest.xml:119:25-78
213            </intent-filter>
214        </receiver>
215        <receiver
215-->[androidx.work:work-runtime:2.8.1] AndroidManifest.xml:122:9-131:20
216            android:name="androidx.work.impl.background.systemalarm.ConstraintProxyUpdateReceiver"
216-->[androidx.work:work-runtime:2.8.1] AndroidManifest.xml:123:13-99
217            android:directBootAware="false"
217-->[androidx.work:work-runtime:2.8.1] AndroidManifest.xml:124:13-44
218            android:enabled="@bool/enable_system_alarm_service_default"
218-->[androidx.work:work-runtime:2.8.1] AndroidManifest.xml:125:13-72
219            android:exported="false" >
219-->[androidx.work:work-runtime:2.8.1] AndroidManifest.xml:126:13-37
220            <intent-filter>
220-->[androidx.work:work-runtime:2.8.1] AndroidManifest.xml:128:13-130:29
221                <action android:name="androidx.work.impl.background.systemalarm.UpdateProxies" />
221-->[androidx.work:work-runtime:2.8.1] AndroidManifest.xml:129:17-98
221-->[androidx.work:work-runtime:2.8.1] AndroidManifest.xml:129:25-95
222            </intent-filter>
223        </receiver>
224        <receiver
224-->[androidx.work:work-runtime:2.8.1] AndroidManifest.xml:132:9-142:20
225            android:name="androidx.work.impl.diagnostics.DiagnosticsReceiver"
225-->[androidx.work:work-runtime:2.8.1] AndroidManifest.xml:133:13-78
226            android:directBootAware="false"
226-->[androidx.work:work-runtime:2.8.1] AndroidManifest.xml:134:13-44
227            android:enabled="true"
227-->[androidx.work:work-runtime:2.8.1] AndroidManifest.xml:135:13-35
228            android:exported="true"
228-->[androidx.work:work-runtime:2.8.1] AndroidManifest.xml:136:13-36
229            android:permission="android.permission.DUMP" >
229-->[androidx.work:work-runtime:2.8.1] AndroidManifest.xml:137:13-57
230            <intent-filter>
230-->[androidx.work:work-runtime:2.8.1] AndroidManifest.xml:139:13-141:29
231                <action android:name="androidx.work.diagnostics.REQUEST_DIAGNOSTICS" />
231-->[androidx.work:work-runtime:2.8.1] AndroidManifest.xml:140:17-88
231-->[androidx.work:work-runtime:2.8.1] AndroidManifest.xml:140:25-85
232            </intent-filter>
233        </receiver>
234
235        <uses-library
235-->[androidx.window:window:1.0.0] AndroidManifest.xml:25:9-27:40
236            android:name="androidx.window.extensions"
236-->[androidx.window:window:1.0.0] AndroidManifest.xml:26:13-54
237            android:required="false" />
237-->[androidx.window:window:1.0.0] AndroidManifest.xml:27:13-37
238        <uses-library
238-->[androidx.window:window:1.0.0] AndroidManifest.xml:28:9-30:40
239            android:name="androidx.window.sidecar"
239-->[androidx.window:window:1.0.0] AndroidManifest.xml:29:13-51
240            android:required="false" />
240-->[androidx.window:window:1.0.0] AndroidManifest.xml:30:13-37
241
242        <service
242-->[androidx.room:room-runtime:2.5.2] AndroidManifest.xml:24:9-28:63
243            android:name="androidx.room.MultiInstanceInvalidationService"
243-->[androidx.room:room-runtime:2.5.2] AndroidManifest.xml:25:13-74
244            android:directBootAware="true"
244-->[androidx.room:room-runtime:2.5.2] AndroidManifest.xml:26:13-43
245            android:exported="false" />
245-->[androidx.room:room-runtime:2.5.2] AndroidManifest.xml:27:13-37
246
247        <receiver
247-->[androidx.profileinstaller:profileinstaller:1.3.0] AndroidManifest.xml:34:9-52:20
248            android:name="androidx.profileinstaller.ProfileInstallReceiver"
248-->[androidx.profileinstaller:profileinstaller:1.3.0] AndroidManifest.xml:35:13-76
249            android:directBootAware="false"
249-->[androidx.profileinstaller:profileinstaller:1.3.0] AndroidManifest.xml:36:13-44
250            android:enabled="true"
250-->[androidx.profileinstaller:profileinstaller:1.3.0] AndroidManifest.xml:37:13-35
251            android:exported="true"
251-->[androidx.profileinstaller:profileinstaller:1.3.0] AndroidManifest.xml:38:13-36
252            android:permission="android.permission.DUMP" >
252-->[androidx.profileinstaller:profileinstaller:1.3.0] AndroidManifest.xml:39:13-57
253            <intent-filter>
253-->[androidx.profileinstaller:profileinstaller:1.3.0] AndroidManifest.xml:40:13-42:29
254                <action android:name="androidx.profileinstaller.action.INSTALL_PROFILE" />
254-->[androidx.profileinstaller:profileinstaller:1.3.0] AndroidManifest.xml:41:17-91
254-->[androidx.profileinstaller:profileinstaller:1.3.0] AndroidManifest.xml:41:25-88
255            </intent-filter>
256            <intent-filter>
256-->[androidx.profileinstaller:profileinstaller:1.3.0] AndroidManifest.xml:43:13-45:29
257                <action android:name="androidx.profileinstaller.action.SKIP_FILE" />
257-->[androidx.profileinstaller:profileinstaller:1.3.0] AndroidManifest.xml:44:17-85
257-->[androidx.profileinstaller:profileinstaller:1.3.0] AndroidManifest.xml:44:25-82
258            </intent-filter>
259            <intent-filter>
259-->[androidx.profileinstaller:profileinstaller:1.3.0] AndroidManifest.xml:46:13-48:29
260                <action android:name="androidx.profileinstaller.action.SAVE_PROFILE" />
260-->[androidx.profileinstaller:profileinstaller:1.3.0] AndroidManifest.xml:47:17-88
260-->[androidx.profileinstaller:profileinstaller:1.3.0] AndroidManifest.xml:47:25-85
261            </intent-filter>
262            <intent-filter>
262-->[androidx.profileinstaller:profileinstaller:1.3.0] AndroidManifest.xml:49:13-51:29
263                <action android:name="androidx.profileinstaller.action.BENCHMARK_OPERATION" />
263-->[androidx.profileinstaller:profileinstaller:1.3.0] AndroidManifest.xml:50:17-95
263-->[androidx.profileinstaller:profileinstaller:1.3.0] AndroidManifest.xml:50:25-92
264            </intent-filter>
265        </receiver>
266    </application>
267
268</manifest>